0 info it worked if it ends with ok
1 verbose cli [ 'C:\\Program Files\\nodejs\\node.exe',
1 verbose cli   'C:\\Program Files\\nodejs\\node_modules\\npm\\bin\\npm-cli.js',
1 verbose cli   'run',
1 verbose cli   'serve' ]
2 info using npm@3.10.10
3 info using node@v6.14.2
4 verbose run-script [ 'preserve', 'serve', 'postserve' ]
5 info lifecycle findurdreamcar@0.1.0~preserve: findurdreamcar@0.1.0
6 silly lifecycle findurdreamcar@0.1.0~preserve: no script for preserve, continuing
7 info lifecycle findurdreamcar@0.1.0~serve: findurdreamcar@0.1.0
8 verbose lifecycle findurdreamcar@0.1.0~serve: unsafe-perm in lifecycle true
9 verbose lifecycle findurdreamcar@0.1.0~serve: PATH: C:\Users\User\AppData\Roaming\nvm\v6.14.2\node_modules\npm\bin\node-gyp-bin;C:\Users\User\OneDrive\Documents\projetos2020\findurdreamcar1\node_modules\.bin;C:\Users\programas\dbOracle\bin;C:\Program Files (x86)\Common Files\Intel\Shared Libraries\redist\intel64\compiler;C:\Program Files (x86)\Common Files\Intel\Shared Files\cpp\bin\Intel64;C:\Program Files (x86)\Intel\iCLS Client\;C:\Program Files\Intel\iCLS Client\;C:\Windows\system32;C:\Windows;C:\Windows\System32\Wbem;C:\Windows\System32\WindowsPowerShell\v1.0\;C:\Program Files (x86)\Intel\Intel(R) Management Engine Components\DAL;C:\Program Files\Intel\Intel(R) Management Engine Components\DAL;C:\Program Files (x86)\Intel\Intel(R) Management Engine Components\IPT;C:\Program Files\Intel\Intel(R) Management Engine Components\IPT;C:\Program Files (x86)\NVIDIA Corporation\PhysX\Common;C:\Program Files\Git\cmd;C:\Program Files\MongoDB\Server\3.6\bin;C:\WINDOWS\system32;C:\WINDOWS;C:\WINDOWS\System32\Wbem;C:\WINDOWS\System32\WindowsPowerShell\v1.0\;C:\Program Files\PHP;C:\ProgramData\ComposerSetup\bin;C:\Program Files\PuTTY\;C:\WINDOWS\System32\OpenSSH\;C:\Program Files (x86)\MySQL\MySQL Utilities 1.6\;C:\Program Files\Microsoft VS Code\bin;C:\Program Files\Java\jdk-11.0.3;C:\Users\User\AppData\Roaming\nvm;C:\Program Files\nodejs;C:\Users\User\AppData\Local\Microsoft\WindowsApps;C:\Program Files\Microsoft VS Code\bin;C:\Users\User\AppData\Roaming\npm;C:\Users\User\AppData\Roaming\Composer\vendor\bin;C:\Program Files\MySQL\MySQL Server 5.7\bin;C:\Program Files\Java\jdk-11.0.3\bin;C:\Users\User\AppData\Roaming\nvm;C:\Program Files\nodejs;C:\Program Files\JetBrains\IntelliJ IDEA Community Edition 2019.2\bin;;
10 verbose lifecycle findurdreamcar@0.1.0~serve: CWD: C:\Users\User\OneDrive\Documents\projetos2020\findurdreamcar1
11 silly lifecycle findurdreamcar@0.1.0~serve: Args: [ '/d /s /c', 'vue-cli-service serve' ]
12 silly lifecycle findurdreamcar@0.1.0~serve: Returned: code: 1  signal: null
13 info lifecycle findurdreamcar@0.1.0~serve: Failed to exec serve script
14 verbose stack Error: findurdreamcar@0.1.0 serve: `vue-cli-service serve`
14 verbose stack Exit status 1
14 verbose stack     at EventEmitter.<anonymous> (C:\Users\User\AppData\Roaming\nvm\v6.14.2\node_modules\npm\lib\utils\lifecycle.js:255:16)
14 verbose stack     at emitTwo (events.js:106:13)
14 verbose stack     at EventEmitter.emit (events.js:191:7)
14 verbose stack     at ChildProcess.<anonymous> (C:\Users\User\AppData\Roaming\nvm\v6.14.2\node_modules\npm\lib\utils\spawn.js:40:14)
14 verbose stack     at emitTwo (events.js:106:13)
14 verbose stack     at ChildProcess.emit (events.js:191:7)
14 verbose stack     at maybeClose (internal/child_process.js:920:16)
14 verbose stack     at Process.ChildProcess._handle.onexit (internal/child_process.js:230:5)
15 verbose pkgid findurdreamcar@0.1.0
16 verbose cwd C:\Users\User\OneDrive\Documents\projetos2020\findurdreamcar1
17 error Windows_NT 10.0.18362
18 error argv "C:\\Program Files\\nodejs\\node.exe" "C:\\Program Files\\nodejs\\node_modules\\npm\\bin\\npm-cli.js" "run" "serve"
19 error node v6.14.2
20 error npm  v3.10.10
21 error code ELIFECYCLE
22 error findurdreamcar@0.1.0 serve: `vue-cli-service serve`
22 error Exit status 1
23 error Failed at the findurdreamcar@0.1.0 serve script 'vue-cli-service serve'.
23 error Make sure you have the latest version of node.js and npm installed.
23 error If you do, this is most likely a problem with the findurdreamcar package,
23 error not with npm itself.
23 error Tell the author that this fails on your system:
23 error     vue-cli-service serve
23 error You can get information on how to open an issue for this project with:
23 error     npm bugs findurdreamcar
23 error Or if that isn't available, you can get their info via:
23 error     npm owner ls findurdreamcar
23 error There is likely additional logging output above.
24 verbose exit [ 1, true ]
